<?xml version="1.0" encoding="UTF-8"?>
<testng-results ignored="0" total="1" passed="1" failed="0" skipped="0">
  <reporter-output>
  </reporter-output>
  <suite started-at="2024-02-09T15:38:49 IST" name="Default suite" finished-at="2024-02-09T15:38:55 IST" duration-ms="6328">
    <groups>
      <group name="cucumber">
        <method signature="AbstractTestNGCucumberTests.runScenario(io.cucumber.testng.PickleWrapper,io.cucumber.testng.FeatureWrapper)[pri:0, instance:TestRunner.CucumberTestRunner@76b1e9b8]" name="runScenario" class="io.cucumber.testng.AbstractTestNGCucumberTests"/>
      </group> <!-- cucumber -->
    </groups>
    <test started-at="2024-02-09T15:38:49 IST" name="Default test" finished-at="2024-02-09T15:38:55 IST" duration-ms="6328">
      <class name="TestRunner.CucumberTestRunner">
        <test-method is-config="true" signature="setUpClass(org.testng.ITestContext)[pri:0, instance:TestRunner.CucumberTestRunner@76b1e9b8]" started-at="2024-02-09T15:38:49 IST" name="setUpClass" finished-at="2024-02-09T15:38:49 IST" duration-ms="558" status="PASS">
          <params>
            <param index="0">
              <value>
                <![CDATA[org.testng.TestRunner@b606cb6]]>
              </value>
            </param>
          </params>
          <reporter-output>
          </reporter-output>
        </test-method> <!-- setUpClass -->
        <test-method signature="runScenario(io.cucumber.testng.PickleWrapper,io.cucumber.testng.FeatureWrapper)[pri:0, instance:TestRunner.CucumberTestRunner@76b1e9b8]" started-at="2024-02-09T15:38:50 IST" name="runScenario" description="Runs Cucumber Scenarios" data-provider="scenarios" finished-at="2024-02-09T15:38:55 IST" duration-ms="5676" status="PASS">
          <params>
            <param index="0">
              <value>
                <![CDATA["Check the values of Amount-header are sorted"]]>
              </value>
            </param>
            <param index="1">
              <value>
                <![CDATA["Home page Automation of DemoApp"]]>
              </value>
            </param>
          </params>
          <reporter-output>
          </reporter-output>
        </test-method> <!-- runScenario -->
        <test-method is-config="true" signature="tearDownClass()[pri:0, instance:TestRunner.CucumberTestRunner@76b1e9b8]" started-at="2024-02-09T15:38:55 IST" name="tearDownClass" finished-at="2024-02-09T15:38:55 IST" duration-ms="47" status="PASS">
          <reporter-output>
          </reporter-output>
        </test-method> <!-- tearDownClass -->
      </class> <!-- TestRunner.CucumberTestRunner -->
    </test> <!-- Default test -->
  </suite> <!-- Default suite -->
</testng-results>
